#-----------------------------------------------------------
# Vivado v2017.4 (64-bit)
# SW Build 2086221 on Fri Dec 15 20:55:39 MST 2017
# IP Build 2085800 on Fri Dec 15 22:25:07 MST 2017
# Start of session at: Fri Nov 23 00:30:16 2018
# Process ID: 18668
# Current directory: F:/programmeerbareHardware1/fullAdder
# Command line: vivado.exe -gui_launcher_event rodinguilauncherevent7476 F:\programmeerbareHardware1\fullAdder\fullAdder.xpr
# Log file: F:/programmeerbareHardware1/fullAdder/vivado.log
# Journal file: F:/programmeerbareHardware1/fullAdder\vivado.jou
#-----------------------------------------------------------
start_gui
open_project F:/programmeerbareHardware1/fullAdder/fullAdder.xpr
INFO: [Project 1-313] Project file moved from 'C:/Users/djleg/Documents/programmeerbareHardware1/fullAdder' since last save.
Scanning sources...
Finished scanning sources
INFO: [IP_Flow 19-234] Refreshing IP repositories
INFO: [IP_Flow 19-1704] No user IP repositories specified
INFO: [IP_Flow 19-2313] Loaded Vivado IP repository 'F:/Xilinx/Vivado/2017.4/data/ip'.
update_compile_order -fileset sources_1
exit
INFO: [Common 17-206] Exiting Vivado at Fri Nov 23 00:30:38 2018...
