Copyright 1986-2017 Xilinx, Inc. All Rights Reserved.
--------------------------------------------------------------------------------------------
| Tool Version : Vivado v.2017.4 (win64) Build 2086221 Fri Dec 15 20:55:39 MST 2017
| Date         : Thu Nov 22 23:17:02 2018
| Host         : DESKTOP-24KCCOQ running 64-bit major release  (build 9200)
| Command      : report_control_sets -verbose -file fourBitAdderTop_control_sets_placed.rpt
| Design       : fourBitAdderTop
| Device       : xc7a35t
--------------------------------------------------------------------------------------------

Control Set Information

Table of Contents
-----------------
1. Summary
2. Flip-Flop Distribution
3. Detailed Control Set Information

1. Summary
----------

+----------------------------------------------------------+-------+
|                          Status                          | Count |
+----------------------------------------------------------+-------+
| Number of unique control sets                            |     5 |
| Unused register locations in slices containing registers |    19 |
+----------------------------------------------------------+-------+


2. Flip-Flop Distribution
-------------------------

+--------------+-----------------------+------------------------+-----------------+--------------+
| Clock Enable | Synchronous Set/Reset | Asynchronous Set/Reset | Total Registers | Total Slices |
+--------------+-----------------------+------------------------+-----------------+--------------+
| No           | No                    | No                     |               7 |            2 |
| No           | No                    | Yes                    |               0 |            0 |
| No           | Yes                   | No                     |              31 |            8 |
| Yes          | No                    | No                     |               7 |            3 |
| Yes          | No                    | Yes                    |               0 |            0 |
| Yes          | Yes                   | No                     |               0 |            0 |
+--------------+-----------------------+------------------------+-----------------+--------------+


3. Detailed Control Set Information
-----------------------------------

+---------------------+--------------------------------------+------------------------+------------------+----------------+
|     Clock Signal    |             Enable Signal            |    Set/Reset Signal    | Slice Load Count | Bel Load Count |
+---------------------+--------------------------------------+------------------------+------------------+----------------+
|  clk_IBUF_BUFG      |                                      |                        |                1 |              2 |
|  clock_divider1/CLK | segmentMux1/segmentSelect[2]_i_1_n_0 |                        |                1 |              3 |
|  clock_divider1/CLK | segmentMux1/BCD[3]_i_1_n_0           |                        |                2 |              4 |
|  clock_divider1/CLK |                                      |                        |                1 |              5 |
|  clk_IBUF_BUFG      |                                      | clock_divider1/clk_var |                8 |             31 |
+---------------------+--------------------------------------+------------------------+------------------+----------------+


+--------+-----------------------+
| Fanout | Number of ControlSets |
+--------+-----------------------+
| 2      |                     1 |
| 3      |                     1 |
| 4      |                     1 |
| 5      |                     1 |
| 16+    |                     1 |
+--------+-----------------------+


